[2015-10-13 13:54:04] app.DEBUG: db_options: array (   'scheme' => 'postgres',   'host' => 'rbrown',   'driver' => 'pdo_pgsql', ) [] []
[2015-10-13 13:55:00] app.DEBUG: db_options: array (   'scheme' => 'postgres',   'host' => 'rbrown',   'driver' => 'pdo_pgsql', ) [] []
[2015-10-13 13:55:45] app.DEBUG: db_options: array (   'scheme' => 'postgres',   'host' => 'rbrown',   'driver' => 'pdo_pgsql', ) [] []
[2015-10-13 13:55:48] app.DEBUG: db_options: array (   'scheme' => 'postgres',   'host' => 'rbrown',   'driver' => 'pdo_pgsql', ) [] []
[2015-10-13 13:57:55] app.DEBUG: db_options: array (   'scheme' => 'postgres',   'host' => 'rbrown',   'driver' => 'pdo_pgsql', ) [] []
[2015-10-13 13:58:29] app.DEBUG: db_options: array (   'scheme' => 'postgres',   'host' => 'localhost',   'path' => '/rbrown',   'driver' => 'pdo_pgsql', ) [] []
[2015-10-13 14:02:20] app.DEBUG: db_options: array (   'scheme' => 'postgres',   'path' => '/chop_shop:chopping@localhost/chop_shop',   'driver' => 'pdo_pgsql', ) [] []
[2015-10-13 14:03:22] app.DEBUG: db_options: array (   'scheme' => 'postgres',   'path' => '/chop_shop:chopping@127.0.0.1/chop_shop',   'driver' => 'pdo_pgsql', ) [] []
[2015-10-13 14:03:43] app.DEBUG: db_options: array (   'scheme' => 'postgres',   'host' => 'localhost',   'user' => 'chop_shop',   'pass' => 'chopping',   'path' => '/chop_shop',   'driver' => 'pdo_pgsql', ) [] []
[2015-10-13 14:06:08] app.DEBUG: db_options: array (   'scheme' => 'postgres',   'host' => 'localhost',   'user' => 'chop_shop',   'pass' => 'chopping',   'path' => '/chop_shop',   'driver' => 'pdo_pgsql', ) [] []
[2015-10-13 14:07:41] app.DEBUG: db_options: array (   'scheme' => 'postgres',   'host' => 'localhost',   'port' => 5740,   'user' => 'chop_shop',   'pass' => 'chopping',   'path' => '/chop_shop',   'driver' => 'pdo_pgsql', ) [] []
[2015-10-13 14:09:31] app.DEBUG: db_options: array (   'scheme' => 'postgres',   'host' => 'localhost',   'port' => 5740,   'user' => 'chop_shop',   'pass' => 'chopping',   'path' => '/chop_shop',   'driver' => 'pdo_pgsql',   'database' => 'chop_shop', ) [] []
[2015-10-13 14:10:33] app.DEBUG: db_options: array (   'scheme' => 'postgres',   'host' => 'localhost',   'port' => 5432,   'user' => 'chop_shop',   'pass' => 'chopping',   'path' => '/chop_shop',   'driver' => 'pdo_pgsql',   'database' => 'chop_shop', ) [] []
[2015-10-13 14:10:45] app.DEBUG: db_options: array (   'scheme' => 'postgres',   'host' => 'localhost',   'port' => 5432,   'user' => 'chop_shop',   'pass' => 'chopping',   'driver' => 'pdo_pgsql',   'database' => 'chop_shop', ) [] []
[2015-10-13 14:11:01] app.DEBUG: db_options: array (   'scheme' => 'postgres',   'host' => 'localhost',   'port' => 5432,   'user' => 'chop_shop',   'pass' => 'chopping',   'driver' => 'pdo_pgsql',   'dbname' => 'chop_shop', ) [] []
[2015-10-13 14:13:33] app.DEBUG: db_options: array (   'scheme' => 'postgres',   'host' => 'localhost',   'port' => 5432,   'user' => 'chop_shop',   'pass' => 'chopping',   'driver' => 'pdo_pgsql',   'dbname' => 'chop_shop', ) [] []
[2015-10-13 14:13:36] app.DEBUG: db_options: array (   'scheme' => 'postgres',   'host' => 'localhost',   'port' => 5432,   'user' => 'chop_shop',   'pass' => 'chopping',   'driver' => 'pdo_pgsql',   'dbname' => 'chop_shop', ) [] []
[2015-10-13 14:14:11] app.DEBUG: db_options: array (   'scheme' => 'postgres',   'host' => 'localhost',   'port' => 5432,   'user' => 'chop_shop',   'pass' => 'chopping',   'driver' => 'pdo_pgsql',   'dbname' => 'chop_shop', ) [] []
[2015-10-13 14:14:37] app.DEBUG: db_options: array (   'scheme' => 'postgres',   'host' => 'localhost',   'port' => 5432,   'user' => 'chop_shop',   'pass' => 'chopping',   'driver' => 'pdo_pgsql',   'dbname' => 'chop_shop', ) [] []
[2015-10-13 14:17:16] app.DEBUG: db_options: array (   'scheme' => 'postgres',   'host' => 'localhost',   'port' => 5432,   'user' => 'chop_shop',   'pass' => 'chopping',   'driver' => 'pdo_pgsql',   'dbname' => 'chop_shop', ) [] []
[2015-10-13 14:17:52] app.DEBUG: db_options: array (   'scheme' => 'postgres',   'host' => 'localhost',   'port' => 5432,   'user' => 'chop_shop',   'pass' => 'chopping',   'driver' => 'pdo_pgsql',   'dbname' => 'chop_shop', ) [] []
[2015-10-13 14:19:32] app.DEBUG: db_options: array (   'scheme' => 'postgres',   'host' => 'localhost',   'port' => 5432,   'user' => 'chop_shop',   'pass' => 'chopping',   'driver' => 'pdo_pgsql',   'dbname' => 'chop_shop', ) [] []
[2015-10-13 14:20:30] app.DEBUG: db_options: array (   'scheme' => 'postgres',   'host' => 'localhost',   'port' => 5432,   'user' => 'chop_shop',   'pass' => 'chopping',   'driver' => 'pdo_pgsql',   'dbname' => 'chop_shop', ) [] []
[2015-10-13 14:25:07] app.DEBUG: db_options: array (   'scheme' => 'postgres',   'host' => 'localhost',   'port' => 5432,   'user' => 'chop_shop',   'pass' => 'chopping',   'driver' => 'pdo_pgsql',   'dbname' => 'chop_shop', ) [] []
[2015-10-13 14:25:08] app.INFO: Matched route "POST_". {"route_parameters":{"_controller":"[object] (Closure: {})","_route":"POST_"},"request_uri":"http://localhost:8080/"} []
[2015-10-13 14:25:08] app.INFO: > POST / [] []
[2015-10-13 14:25:08] app.DEBUG: logging output / Post Recipe [] []
[2015-10-13 14:25:08] app.DEBUG: name: 561d5a93b09de [] []
[2015-10-13 14:25:10] app.DEBUG: logging output end / Post Recipe [] []
[2015-10-13 14:25:10] app.INFO: < 201 [] []
[2015-10-13 14:25:10] app.DEBUG: db_options: array (   'scheme' => 'postgres',   'host' => 'localhost',   'port' => 5432,   'user' => 'chop_shop',   'pass' => 'chopping',   'driver' => 'pdo_pgsql',   'dbname' => 'chop_shop', ) [] []
[2015-10-13 14:25:10] app.INFO: Matched route "POST_". {"route_parameters":{"_controller":"[object] (Closure: {})","_route":"POST_"},"request_uri":"http://localhost:8080/"} []
[2015-10-13 14:25:10] app.INFO: > POST / [] []
[2015-10-13 14:25:10] app.DEBUG: logging output / Post Recipe [] []
[2015-10-13 14:25:10] app.DEBUG: name: 561d5a96d29f4 [] []
[2015-10-13 14:25:10] app.DEBUG: logging output end / Post Recipe [] []
[2015-10-13 14:25:10] app.INFO: < 201 [] []
[2015-10-13 14:25:11] app.DEBUG: db_options: array (   'scheme' => 'postgres',   'host' => 'localhost',   'port' => 5432,   'user' => 'chop_shop',   'pass' => 'chopping',   'driver' => 'pdo_pgsql',   'dbname' => 'chop_shop', ) [] []
[2015-10-13 14:25:11] app.INFO: Matched route "POST_". {"route_parameters":{"_controller":"[object] (Closure: {})","_route":"POST_"},"request_uri":"http://localhost:8080/"} []
[2015-10-13 14:25:11] app.INFO: > POST / [] []
[2015-10-13 14:25:11] app.DEBUG: logging output / Post Recipe [] []
[2015-10-13 14:25:11] app.DEBUG: name: 561d5a96f2ee2 [] []
[2015-10-13 14:25:11] app.DEBUG: logging output end / Post Recipe [] []
[2015-10-13 14:25:11] app.INFO: < 201 [] []
[2015-10-13 14:25:11] app.DEBUG: db_options: array (   'scheme' => 'postgres',   'host' => 'localhost',   'port' => 5432,   'user' => 'chop_shop',   'pass' => 'chopping',   'driver' => 'pdo_pgsql',   'dbname' => 'chop_shop', ) [] []
[2015-10-13 14:25:11] app.INFO: Matched route "POST_". {"route_parameters":{"_controller":"[object] (Closure: {})","_route":"POST_"},"request_uri":"http://localhost:8080/"} []
[2015-10-13 14:25:11] app.INFO: > POST / [] []
[2015-10-13 14:25:11] app.DEBUG: logging output / Post Recipe [] []
[2015-10-13 14:25:11] app.DEBUG: name: 561d5a971d4dc [] []
[2015-10-13 14:25:11] app.DEBUG: logging output end / Post Recipe [] []
[2015-10-13 14:25:11] app.INFO: < 201 [] []
[2015-10-13 14:25:11] app.DEBUG: db_options: array (   'scheme' => 'postgres',   'host' => 'localhost',   'port' => 5432,   'user' => 'chop_shop',   'pass' => 'chopping',   'driver' => 'pdo_pgsql',   'dbname' => 'chop_shop', ) [] []
[2015-10-13 14:25:11] app.INFO: Matched route "GET_". {"route_parameters":{"_controller":"[object] (Closure: {})","_route":"GET_"},"request_uri":"http://localhost:8080/"} []
[2015-10-13 14:25:11] app.INFO: > GET / [] []
[2015-10-13 14:25:11] app.DEBUG: Logging output / Get Recipes [] []
[2015-10-13 14:25:11] app.DEBUG: db_options: array (   'scheme' => 'postgres',   'host' => 'localhost',   'port' => 5432,   'user' => 'chop_shop',   'pass' => 'chopping',   'driver' => 'pdo_pgsql',   'dbname' => 'chop_shop', ) [] []
[2015-10-13 14:25:11] app.INFO: Matched route "POST_". {"route_parameters":{"_controller":"[object] (Closure: {})","_route":"POST_"},"request_uri":"http://localhost:8080/"} []
[2015-10-13 14:25:11] app.INFO: > POST / [] []
[2015-10-13 14:25:11] app.DEBUG: logging output / Post Recipe [] []
[2015-10-13 14:25:11] app.DEBUG: name: 561d5a97597f7 [] []
[2015-10-13 14:25:11] app.DEBUG: logging output end / Post Recipe [] []
[2015-10-13 14:25:11] app.INFO: < 201 [] []
[2015-10-13 14:25:11] app.DEBUG: db_options: array (   'scheme' => 'postgres',   'host' => 'localhost',   'port' => 5432,   'user' => 'chop_shop',   'pass' => 'chopping',   'driver' => 'pdo_pgsql',   'dbname' => 'chop_shop', ) [] []
[2015-10-13 14:25:11] app.INFO: Matched route "GET_recipe_id". {"route_parameters":{"_controller":"[object] (Closure: {})","recipe_id":"5","_route":"GET_recipe_id"},"request_uri":"http://localhost:8080/5"} []
[2015-10-13 14:25:11] app.INFO: > GET /5 [] []
[2015-10-13 14:25:11] app.DEBUG: logging output / Get Recipe [] []
[2015-10-13 14:25:11] app.DEBUG: db_options: array (   'scheme' => 'postgres',   'host' => 'localhost',   'port' => 5432,   'user' => 'chop_shop',   'pass' => 'chopping',   'driver' => 'pdo_pgsql',   'dbname' => 'chop_shop', ) [] []
[2015-10-13 14:25:11] app.INFO: Matched route "POST_". {"route_parameters":{"_controller":"[object] (Closure: {})","_route":"POST_"},"request_uri":"http://localhost:8080/"} []
[2015-10-13 14:25:11] app.INFO: > POST / [] []
[2015-10-13 14:25:11] app.DEBUG: logging output / Post Recipe [] []
[2015-10-13 14:25:11] app.DEBUG: name: 561d5a97956d9 [] []
[2015-10-13 14:25:11] app.DEBUG: logging output end / Post Recipe [] []
[2015-10-13 14:25:11] app.INFO: < 201 [] []
[2015-10-13 14:25:11] app.DEBUG: db_options: array (   'scheme' => 'postgres',   'host' => 'localhost',   'port' => 5432,   'user' => 'chop_shop',   'pass' => 'chopping',   'driver' => 'pdo_pgsql',   'dbname' => 'chop_shop', ) [] []
[2015-10-13 14:25:11] app.INFO: Matched route "POST_". {"route_parameters":{"_controller":"[object] (Closure: {})","_route":"POST_"},"request_uri":"http://localhost:8080/"} []
[2015-10-13 14:25:11] app.INFO: > POST / [] []
[2015-10-13 14:25:11] app.DEBUG: logging output / Post Recipe [] []
[2015-10-13 14:25:11] app.DEBUG: name: 561d5a97b6d30 [] []
[2015-10-13 14:25:11] app.DEBUG: logging output end / Post Recipe [] []
[2015-10-13 14:25:11] app.INFO: < 201 [] []
[2015-10-13 14:25:11] app.DEBUG: db_options: array (   'scheme' => 'postgres',   'host' => 'localhost',   'port' => 5432,   'user' => 'chop_shop',   'pass' => 'chopping',   'driver' => 'pdo_pgsql',   'dbname' => 'chop_shop', ) [] []
[2015-10-13 14:25:11] app.INFO: Matched route "GET_search_name". {"route_parameters":{"_controller":"[object] (Closure: {})","name":"561d5a97b6d30","_route":"GET_search_name"},"request_uri":"http://localhost:8080/search/561d5a97b6d30"} []
[2015-10-13 14:25:11] app.INFO: > GET /search/561d5a97b6d30 [] []
[2015-10-13 14:25:11] app.DEBUG: logging output / Search by Recipe [] []
[2015-10-13 14:25:11] app.DEBUG: name: 561d5a97b6d30 [] []
[2015-10-13 14:25:12] app.DEBUG: db_options: array (   'scheme' => 'postgres',   'host' => 'localhost',   'port' => 5432,   'user' => 'chop_shop',   'pass' => 'chopping',   'driver' => 'pdo_pgsql',   'dbname' => 'chop_shop', ) [] []
[2015-10-13 14:25:12] app.ERROR: Symfony\Component\HttpKernel\Exception\MethodNotAllowedHttpException: No route found for "DELETE /": Method Not Allowed (Allow: GET, POST) (uncaught exception) at /Users/rbrown/Documents/dev/chop-recipes/vendor/symfony/http-kernel/EventListener/RouterListener.php line 163 {"exception":"[object] (Symfony\\Component\\HttpKernel\\Exception\\MethodNotAllowedHttpException(code: 0): No route found for \"DELETE /\": Method Not Allowed (Allow: GET, POST) at /Users/rbrown/Documents/dev/chop-recipes/vendor/symfony/http-kernel/EventListener/RouterListener.php:163, Symfony\\Component\\Routing\\Exception\\MethodNotAllowedException(code: 0):  at /Users/rbrown/Documents/dev/chop-recipes/vendor/symfony/routing/Matcher/UrlMatcher.php:101)"} []
[2015-10-13 14:25:12] app.INFO: < 405 [] []
[2015-10-13 14:25:12] app.DEBUG: db_options: array (   'scheme' => 'postgres',   'host' => 'localhost',   'port' => 5432,   'user' => 'chop_shop',   'pass' => 'chopping',   'driver' => 'pdo_pgsql',   'dbname' => 'chop_shop', ) [] []
[2015-10-13 14:25:12] app.INFO: Matched route "DELETE_recipe_id". {"route_parameters":{"_controller":"[object] (Closure: {})","recipe_id":"random-book","_route":"DELETE_recipe_id"},"request_uri":"http://localhost:8080/random-book"} []
[2015-10-13 14:25:12] app.INFO: > DELETE /random-book [] []
[2015-10-13 14:25:12] app.DEBUG: logging output / Delete Recipe [] []
[2015-10-13 14:25:47] app.DEBUG: db_options: array (   'scheme' => 'postgres',   'host' => 'localhost',   'port' => 5432,   'user' => 'chop_shop',   'pass' => 'chopping',   'driver' => 'pdo_pgsql',   'dbname' => 'chop_shop', ) [] []
[2015-10-13 14:25:47] app.INFO: Matched route "POST_". {"route_parameters":{"_controller":"[object] (Closure: {})","_route":"POST_"},"request_uri":"http://localhost:8080/"} []
[2015-10-13 14:25:47] app.INFO: > POST / [] []
[2015-10-13 14:25:47] app.DEBUG: logging output / Post Recipe [] []
[2015-10-13 14:25:47] app.DEBUG: name: 561d5abb81fa5 [] []
[2015-10-13 14:25:48] app.DEBUG: logging output end / Post Recipe [] []
[2015-10-13 14:25:48] app.INFO: < 201 [] []
[2015-10-13 14:25:48] app.DEBUG: db_options: array (   'scheme' => 'postgres',   'host' => 'localhost',   'port' => 5432,   'user' => 'chop_shop',   'pass' => 'chopping',   'driver' => 'pdo_pgsql',   'dbname' => 'chop_shop', ) [] []
[2015-10-13 14:25:48] app.INFO: Matched route "POST_". {"route_parameters":{"_controller":"[object] (Closure: {})","_route":"POST_"},"request_uri":"http://localhost:8080/"} []
[2015-10-13 14:25:48] app.INFO: > POST / [] []
[2015-10-13 14:25:48] app.DEBUG: logging output / Post Recipe [] []
[2015-10-13 14:25:48] app.DEBUG: name: 561d5abc569f9 [] []
[2015-10-13 14:25:48] app.DEBUG: logging output end / Post Recipe [] []
[2015-10-13 14:25:48] app.INFO: < 201 [] []
[2015-10-13 14:25:48] app.DEBUG: db_options: array (   'scheme' => 'postgres',   'host' => 'localhost',   'port' => 5432,   'user' => 'chop_shop',   'pass' => 'chopping',   'driver' => 'pdo_pgsql',   'dbname' => 'chop_shop', ) [] []
[2015-10-13 14:25:48] app.INFO: Matched route "POST_". {"route_parameters":{"_controller":"[object] (Closure: {})","_route":"POST_"},"request_uri":"http://localhost:8080/"} []
[2015-10-13 14:25:48] app.INFO: > POST / [] []
[2015-10-13 14:25:48] app.DEBUG: logging output / Post Recipe [] []
[2015-10-13 14:25:48] app.DEBUG: name: 561d5abc7e2b8 [] []
[2015-10-13 14:25:48] app.DEBUG: logging output end / Post Recipe [] []
[2015-10-13 14:25:48] app.INFO: < 201 [] []
[2015-10-13 14:25:48] app.DEBUG: db_options: array (   'scheme' => 'postgres',   'host' => 'localhost',   'port' => 5432,   'user' => 'chop_shop',   'pass' => 'chopping',   'driver' => 'pdo_pgsql',   'dbname' => 'chop_shop', ) [] []
[2015-10-13 14:25:48] app.INFO: Matched route "POST_". {"route_parameters":{"_controller":"[object] (Closure: {})","_route":"POST_"},"request_uri":"http://localhost:8080/"} []
[2015-10-13 14:25:48] app.INFO: > POST / [] []
[2015-10-13 14:25:48] app.DEBUG: logging output / Post Recipe [] []
[2015-10-13 14:25:48] app.DEBUG: name: 561d5abca7813 [] []
[2015-10-13 14:25:48] app.DEBUG: logging output end / Post Recipe [] []
[2015-10-13 14:25:48] app.INFO: < 201 [] []
[2015-10-13 14:25:48] app.DEBUG: db_options: array (   'scheme' => 'postgres',   'host' => 'localhost',   'port' => 5432,   'user' => 'chop_shop',   'pass' => 'chopping',   'driver' => 'pdo_pgsql',   'dbname' => 'chop_shop', ) [] []
[2015-10-13 14:25:48] app.INFO: Matched route "GET_". {"route_parameters":{"_controller":"[object] (Closure: {})","_route":"GET_"},"request_uri":"http://localhost:8080/"} []
[2015-10-13 14:25:48] app.INFO: > GET / [] []
[2015-10-13 14:25:48] app.DEBUG: Logging output / Get Recipes [] []
[2015-10-13 14:25:49] app.DEBUG: logging output End / Get Recipes [] []
[2015-10-13 14:25:49] app.INFO: < 200 [] []
[2015-10-13 14:25:49] app.DEBUG: db_options: array (   'scheme' => 'postgres',   'host' => 'localhost',   'port' => 5432,   'user' => 'chop_shop',   'pass' => 'chopping',   'driver' => 'pdo_pgsql',   'dbname' => 'chop_shop', ) [] []
[2015-10-13 14:25:49] app.INFO: Matched route "POST_". {"route_parameters":{"_controller":"[object] (Closure: {})","_route":"POST_"},"request_uri":"http://localhost:8080/"} []
[2015-10-13 14:25:49] app.INFO: > POST / [] []
[2015-10-13 14:25:49] app.DEBUG: logging output / Post Recipe [] []
[2015-10-13 14:25:49] app.DEBUG: name: 561d5abd5ce80 [] []
[2015-10-13 14:25:49] app.DEBUG: logging output end / Post Recipe [] []
[2015-10-13 14:25:49] app.INFO: < 201 [] []
[2015-10-13 14:25:49] app.DEBUG: db_options: array (   'scheme' => 'postgres',   'host' => 'localhost',   'port' => 5432,   'user' => 'chop_shop',   'pass' => 'chopping',   'driver' => 'pdo_pgsql',   'dbname' => 'chop_shop', ) [] []
[2015-10-13 14:25:49] app.INFO: Matched route "GET_recipe_id". {"route_parameters":{"_controller":"[object] (Closure: {})","recipe_id":"12","_route":"GET_recipe_id"},"request_uri":"http://localhost:8080/12"} []
[2015-10-13 14:25:49] app.INFO: > GET /12 [] []
[2015-10-13 14:25:49] app.DEBUG: logging output / Get Recipe [] []
[2015-10-13 14:25:49] app.DEBUG: logging output end / Get Recipe [] []
[2015-10-13 14:25:49] app.INFO: < 200 [] []
[2015-10-13 14:25:49] app.DEBUG: db_options: array (   'scheme' => 'postgres',   'host' => 'localhost',   'port' => 5432,   'user' => 'chop_shop',   'pass' => 'chopping',   'driver' => 'pdo_pgsql',   'dbname' => 'chop_shop', ) [] []
[2015-10-13 14:25:49] app.INFO: Matched route "POST_". {"route_parameters":{"_controller":"[object] (Closure: {})","_route":"POST_"},"request_uri":"http://localhost:8080/"} []
[2015-10-13 14:25:49] app.INFO: > POST / [] []
[2015-10-13 14:25:49] app.DEBUG: logging output / Post Recipe [] []
[2015-10-13 14:25:49] app.DEBUG: name: 561d5abdc55f0 [] []
[2015-10-13 14:25:49] app.DEBUG: logging output end / Post Recipe [] []
[2015-10-13 14:25:49] app.INFO: < 201 [] []
[2015-10-13 14:25:49] app.DEBUG: db_options: array (   'scheme' => 'postgres',   'host' => 'localhost',   'port' => 5432,   'user' => 'chop_shop',   'pass' => 'chopping',   'driver' => 'pdo_pgsql',   'dbname' => 'chop_shop', ) [] []
[2015-10-13 14:25:50] app.INFO: Matched route "POST_". {"route_parameters":{"_controller":"[object] (Closure: {})","_route":"POST_"},"request_uri":"http://localhost:8080/"} []
[2015-10-13 14:25:50] app.INFO: > POST / [] []
[2015-10-13 14:25:50] app.DEBUG: logging output / Post Recipe [] []
[2015-10-13 14:25:50] app.DEBUG: name: 561d5abdec7fe [] []
[2015-10-13 14:25:50] app.DEBUG: logging output end / Post Recipe [] []
[2015-10-13 14:25:50] app.INFO: < 201 [] []
[2015-10-13 14:25:50] app.DEBUG: db_options: array (   'scheme' => 'postgres',   'host' => 'localhost',   'port' => 5432,   'user' => 'chop_shop',   'pass' => 'chopping',   'driver' => 'pdo_pgsql',   'dbname' => 'chop_shop', ) [] []
[2015-10-13 14:25:50] app.INFO: Matched route "GET_search_name". {"route_parameters":{"_controller":"[object] (Closure: {})","name":"561d5abdec7fe","_route":"GET_search_name"},"request_uri":"http://localhost:8080/search/561d5abdec7fe"} []
[2015-10-13 14:25:50] app.INFO: > GET /search/561d5abdec7fe [] []
[2015-10-13 14:25:50] app.DEBUG: logging output / Search by Recipe [] []
[2015-10-13 14:25:50] app.DEBUG: name: 561d5abdec7fe [] []
[2015-10-13 14:25:50] app.DEBUG: recipe: Array (     [recipe_id] => 14     [name] => 561d5abdec7fe )  [] []
[2015-10-13 14:25:50] app.DEBUG: logging output end / Get Recipe [] []
[2015-10-13 14:25:50] app.INFO: < 200 [] []
[2015-10-13 14:25:50] app.DEBUG: db_options: array (   'scheme' => 'postgres',   'host' => 'localhost',   'port' => 5432,   'user' => 'chop_shop',   'pass' => 'chopping',   'driver' => 'pdo_pgsql',   'dbname' => 'chop_shop', ) [] []
[2015-10-13 14:25:50] app.INFO: Matched route "DELETE_recipe_id". {"route_parameters":{"_controller":"[object] (Closure: {})","recipe_id":"14","_route":"DELETE_recipe_id"},"request_uri":"http://localhost:8080/14"} []
[2015-10-13 14:25:50] app.INFO: > DELETE /14 [] []
[2015-10-13 14:25:50] app.DEBUG: logging output / Delete Recipe [] []
[2015-10-13 14:25:50] app.DEBUG: logging output end / Delete Recipe [] []
[2015-10-13 14:25:50] app.INFO: < 200 [] []
[2015-10-13 14:25:50] app.DEBUG: db_options: array (   'scheme' => 'postgres',   'host' => 'localhost',   'port' => 5432,   'user' => 'chop_shop',   'pass' => 'chopping',   'driver' => 'pdo_pgsql',   'dbname' => 'chop_shop', ) [] []
[2015-10-13 14:25:50] app.INFO: Matched route "DELETE_recipe_id". {"route_parameters":{"_controller":"[object] (Closure: {})","recipe_id":"random-book","_route":"DELETE_recipe_id"},"request_uri":"http://localhost:8080/random-book"} []
[2015-10-13 14:25:50] app.INFO: > DELETE /random-book [] []
[2015-10-13 14:25:50] app.DEBUG: logging output / Delete Recipe [] []
[2015-10-13 14:25:50] app.CRITICAL: Doctrine\DBAL\Exception\DriverException: An exception occurred while executing 'SELECT t0.id AS id_1, t0.name AS name_2 FROM Recipe t0 WHERE t0.id = ?' with params ["random-book"]:  SQLSTATE[22P02]: Invalid text representation: 7 ERROR:  invalid input syntax for integer: "random-book" (uncaught exception) at /Users/rbrown/Documents/dev/chop-recipes/vendor/doctrine/dbal/lib/Doctrine/DBAL/Driver/AbstractPostgreSQLDriver.php line 91 {"exception":"[object] (Doctrine\\DBAL\\Exception\\DriverException(code: 0): An exception occurred while executing 'SELECT t0.id AS id_1, t0.name AS name_2 FROM Recipe t0 WHERE t0.id = ?' with params [\"random-book\"]:\n\nSQLSTATE[22P02]: Invalid text representation: 7 ERROR:  invalid input syntax for integer: \"random-book\" at /Users/rbrown/Documents/dev/chop-recipes/vendor/doctrine/dbal/lib/Doctrine/DBAL/Driver/AbstractPostgreSQLDriver.php:91, Doctrine\\DBAL\\Driver\\PDOException(code: 22P02): SQLSTATE[22P02]: Invalid text representation: 7 ERROR:  invalid input syntax for integer: \"random-book\" at /Users/rbrown/Documents/dev/chop-recipes/vendor/doctrine/dbal/lib/Doctrine/DBAL/Driver/PDOStatement.php:93, PDOException(code: 22P02): SQLSTATE[22P02]: Invalid text representation: 7 ERROR:  invalid input syntax for integer: \"random-book\" at /Users/rbrown/Documents/dev/chop-recipes/vendor/doctrine/dbal/lib/Doctrine/DBAL/Driver/PDOStatement.php:91)"} []
[2015-10-13 14:25:50] app.INFO: < 500 [] []
[2015-10-13 14:30:16] app.DEBUG: db_options: array (   'scheme' => 'postgres',   'host' => 'localhost',   'port' => 5432,   'user' => 'chop_shop',   'pass' => 'chopping',   'driver' => 'pdo_pgsql',   'dbname' => 'chop_shop', ) [] []
[2015-10-13 14:30:16] app.INFO: Matched route "POST_". {"route_parameters":{"_controller":"[object] (Closure: {})","_route":"POST_"},"request_uri":"http://localhost:8080/"} []
[2015-10-13 14:30:16] app.INFO: > POST / [] []
[2015-10-13 14:30:16] app.DEBUG: logging output / Post Recipe [] []
[2015-10-13 14:30:16] app.DEBUG: name: 561d5bc82490f [] []
[2015-10-13 14:30:17] app.DEBUG: logging output end / Post Recipe [] []
[2015-10-13 14:30:17] app.INFO: < 201 [] []
[2015-10-13 14:30:17] app.DEBUG: db_options: array (   'scheme' => 'postgres',   'host' => 'localhost',   'port' => 5432,   'user' => 'chop_shop',   'pass' => 'chopping',   'driver' => 'pdo_pgsql',   'dbname' => 'chop_shop', ) [] []
[2015-10-13 14:30:17] app.INFO: Matched route "POST_". {"route_parameters":{"_controller":"[object] (Closure: {})","_route":"POST_"},"request_uri":"http://localhost:8080/"} []
[2015-10-13 14:30:17] app.INFO: > POST / [] []
[2015-10-13 14:30:17] app.DEBUG: logging output / Post Recipe [] []
[2015-10-13 14:30:17] app.DEBUG: name: 561d5bc929ff7 [] []
[2015-10-13 14:30:17] app.DEBUG: logging output end / Post Recipe [] []
[2015-10-13 14:30:17] app.INFO: < 201 [] []
[2015-10-13 14:30:17] app.DEBUG: db_options: array (   'scheme' => 'postgres',   'host' => 'localhost',   'port' => 5432,   'user' => 'chop_shop',   'pass' => 'chopping',   'driver' => 'pdo_pgsql',   'dbname' => 'chop_shop', ) [] []
[2015-10-13 14:30:17] app.INFO: Matched route "POST_". {"route_parameters":{"_controller":"[object] (Closure: {})","_route":"POST_"},"request_uri":"http://localhost:8080/"} []
[2015-10-13 14:30:17] app.INFO: > POST / [] []
[2015-10-13 14:30:17] app.DEBUG: logging output / Post Recipe [] []
[2015-10-13 14:30:17] app.DEBUG: name: 561d5bc958afb [] []
[2015-10-13 14:30:17] app.DEBUG: logging output end / Post Recipe [] []
[2015-10-13 14:30:17] app.INFO: < 201 [] []
[2015-10-13 14:30:17] app.DEBUG: db_options: array (   'scheme' => 'postgres',   'host' => 'localhost',   'port' => 5432,   'user' => 'chop_shop',   'pass' => 'chopping',   'driver' => 'pdo_pgsql',   'dbname' => 'chop_shop', ) [] []
[2015-10-13 14:30:17] app.INFO: Matched route "POST_". {"route_parameters":{"_controller":"[object] (Closure: {})","_route":"POST_"},"request_uri":"http://localhost:8080/"} []
[2015-10-13 14:30:17] app.INFO: > POST / [] []
[2015-10-13 14:30:17] app.DEBUG: logging output / Post Recipe [] []
[2015-10-13 14:30:17] app.DEBUG: name: 561d5bc98968e [] []
[2015-10-13 14:30:17] app.DEBUG: logging output end / Post Recipe [] []
[2015-10-13 14:30:17] app.INFO: < 201 [] []
[2015-10-13 14:30:17] app.DEBUG: db_options: array (   'scheme' => 'postgres',   'host' => 'localhost',   'port' => 5432,   'user' => 'chop_shop',   'pass' => 'chopping',   'driver' => 'pdo_pgsql',   'dbname' => 'chop_shop', ) [] []
[2015-10-13 14:30:17] app.INFO: Matched route "GET_". {"route_parameters":{"_controller":"[object] (Closure: {})","_route":"GET_"},"request_uri":"http://localhost:8080/"} []
[2015-10-13 14:30:17] app.INFO: > GET / [] []
[2015-10-13 14:30:17] app.DEBUG: Logging output / Get Recipes [] []
[2015-10-13 14:30:18] app.DEBUG: logging output End / Get Recipes [] []
[2015-10-13 14:30:18] app.INFO: < 200 [] []
[2015-10-13 14:30:18] app.DEBUG: db_options: array (   'scheme' => 'postgres',   'host' => 'localhost',   'port' => 5432,   'user' => 'chop_shop',   'pass' => 'chopping',   'driver' => 'pdo_pgsql',   'dbname' => 'chop_shop', ) [] []
[2015-10-13 14:30:18] app.INFO: Matched route "POST_". {"route_parameters":{"_controller":"[object] (Closure: {})","_route":"POST_"},"request_uri":"http://localhost:8080/"} []
[2015-10-13 14:30:18] app.INFO: > POST / [] []
[2015-10-13 14:30:18] app.DEBUG: logging output / Post Recipe [] []
[2015-10-13 14:30:18] app.DEBUG: name: 561d5bca0fc9a [] []
[2015-10-13 14:30:18] app.DEBUG: logging output end / Post Recipe [] []
[2015-10-13 14:30:18] app.INFO: < 201 [] []
[2015-10-13 14:30:18] app.DEBUG: db_options: array (   'scheme' => 'postgres',   'host' => 'localhost',   'port' => 5432,   'user' => 'chop_shop',   'pass' => 'chopping',   'driver' => 'pdo_pgsql',   'dbname' => 'chop_shop', ) [] []
[2015-10-13 14:30:18] app.INFO: Matched route "GET_recipe_id". {"route_parameters":{"_controller":"[object] (Closure: {})","recipe_id":"19","_route":"GET_recipe_id"},"request_uri":"http://localhost:8080/19"} []
[2015-10-13 14:30:18] app.INFO: > GET /19 [] []
[2015-10-13 14:30:18] app.DEBUG: logging output / Get Recipe [] []
[2015-10-13 14:30:18] app.DEBUG: logging output end / Get Recipe [] []
[2015-10-13 14:30:18] app.INFO: < 200 [] []
[2015-10-13 14:30:18] app.DEBUG: db_options: array (   'scheme' => 'postgres',   'host' => 'localhost',   'port' => 5432,   'user' => 'chop_shop',   'pass' => 'chopping',   'driver' => 'pdo_pgsql',   'dbname' => 'chop_shop', ) [] []
[2015-10-13 14:30:18] app.INFO: Matched route "POST_". {"route_parameters":{"_controller":"[object] (Closure: {})","_route":"POST_"},"request_uri":"http://localhost:8080/"} []
[2015-10-13 14:30:18] app.INFO: > POST / [] []
[2015-10-13 14:30:18] app.DEBUG: logging output / Post Recipe [] []
[2015-10-13 14:30:18] app.DEBUG: name: 561d5bca86c4c [] []
[2015-10-13 14:30:18] app.DEBUG: logging output end / Post Recipe [] []
[2015-10-13 14:30:18] app.INFO: < 201 [] []
[2015-10-13 14:30:18] app.DEBUG: db_options: array (   'scheme' => 'postgres',   'host' => 'localhost',   'port' => 5432,   'user' => 'chop_shop',   'pass' => 'chopping',   'driver' => 'pdo_pgsql',   'dbname' => 'chop_shop', ) [] []
[2015-10-13 14:30:18] app.INFO: Matched route "POST_". {"route_parameters":{"_controller":"[object] (Closure: {})","_route":"POST_"},"request_uri":"http://localhost:8080/"} []
[2015-10-13 14:30:18] app.INFO: > POST / [] []
[2015-10-13 14:30:18] app.DEBUG: logging output / Post Recipe [] []
[2015-10-13 14:30:18] app.DEBUG: name: 561d5bcab47dc [] []
[2015-10-13 14:30:18] app.DEBUG: logging output end / Post Recipe [] []
[2015-10-13 14:30:18] app.INFO: < 201 [] []
[2015-10-13 14:30:18] app.DEBUG: db_options: array (   'scheme' => 'postgres',   'host' => 'localhost',   'port' => 5432,   'user' => 'chop_shop',   'pass' => 'chopping',   'driver' => 'pdo_pgsql',   'dbname' => 'chop_shop', ) [] []
[2015-10-13 14:30:18] app.INFO: Matched route "GET_search_name". {"route_parameters":{"_controller":"[object] (Closure: {})","name":"561d5bcab47dc","_route":"GET_search_name"},"request_uri":"http://localhost:8080/search/561d5bcab47dc"} []
[2015-10-13 14:30:18] app.INFO: > GET /search/561d5bcab47dc [] []
[2015-10-13 14:30:18] app.DEBUG: logging output / Search by Recipe [] []
[2015-10-13 14:30:18] app.DEBUG: name: 561d5bcab47dc [] []
[2015-10-13 14:30:19] app.DEBUG: recipe: Array (     [recipe_id] => 21     [name] => 561d5bcab47dc )  [] []
[2015-10-13 14:30:19] app.DEBUG: logging output end / Get Recipe [] []
[2015-10-13 14:30:19] app.INFO: < 200 [] []
[2015-10-13 14:30:19] app.DEBUG: db_options: array (   'scheme' => 'postgres',   'host' => 'localhost',   'port' => 5432,   'user' => 'chop_shop',   'pass' => 'chopping',   'driver' => 'pdo_pgsql',   'dbname' => 'chop_shop', ) [] []
[2015-10-13 14:30:19] app.INFO: Matched route "DELETE_recipe_id". {"route_parameters":{"_controller":"[object] (Closure: {})","recipe_id":"21","_route":"DELETE_recipe_id"},"request_uri":"http://localhost:8080/21"} []
[2015-10-13 14:30:19] app.INFO: > DELETE /21 [] []
[2015-10-13 14:30:19] app.DEBUG: logging output / Delete Recipe [] []
[2015-10-13 14:30:19] app.DEBUG: logging output end / Delete Recipe [] []
[2015-10-13 14:30:19] app.INFO: < 200 [] []
[2015-10-13 14:30:19] app.DEBUG: db_options: array (   'scheme' => 'postgres',   'host' => 'localhost',   'port' => 5432,   'user' => 'chop_shop',   'pass' => 'chopping',   'driver' => 'pdo_pgsql',   'dbname' => 'chop_shop', ) [] []
[2015-10-13 14:30:19] app.INFO: Matched route "DELETE_recipe_id". {"route_parameters":{"_controller":"[object] (Closure: {})","recipe_id":"-11234","_route":"DELETE_recipe_id"},"request_uri":"http://localhost:8080/-11234"} []
[2015-10-13 14:30:19] app.INFO: > DELETE /-11234 [] []
[2015-10-13 14:30:19] app.DEBUG: logging output / Delete Recipe [] []
[2015-10-13 14:30:19] app.ERROR: Symfony\Component\HttpKernel\Exception\HttpException: Recipe id -11234 does not exist. (uncaught exception) at /Users/rbrown/Documents/dev/chop-recipes/vendor/silex/silex/src/Silex/Application.php line 400 {"exception":"[object] (Symfony\\Component\\HttpKernel\\Exception\\HttpException(code: 0): Recipe id -11234 does not exist. at /Users/rbrown/Documents/dev/chop-recipes/vendor/silex/silex/src/Silex/Application.php:400)"} []
[2015-10-13 14:30:19] app.INFO: < 404 [] []
[2015-10-13 14:36:57] app.DEBUG: db_options: array (   'scheme' => 'postgres',   'host' => 'localhost',   'port' => 5432,   'user' => 'chop_shop',   'pass' => 'chopping',   'driver' => 'pdo_pgsql',   'dbname' => 'chop_shop', ) [] []
[2015-10-13 14:36:58] app.INFO: Matched route "POST_". {"route_parameters":{"_controller":"[object] (Closure: {})","_route":"POST_"},"request_uri":"http://localhost:8080/"} []
[2015-10-13 14:36:58] app.INFO: > POST / [] []
[2015-10-13 14:36:58] app.DEBUG: logging output / Post Recipe [] []
[2015-10-13 14:36:58] app.DEBUG: name: 561d5d5971402 [] []
[2015-10-13 14:36:58] app.DEBUG: logging output end / Post Recipe [] []
[2015-10-13 14:36:58] app.INFO: < 201 [] []
[2015-10-13 14:36:58] app.DEBUG: db_options: array (   'scheme' => 'postgres',   'host' => 'localhost',   'port' => 5432,   'user' => 'chop_shop',   'pass' => 'chopping',   'driver' => 'pdo_pgsql',   'dbname' => 'chop_shop', ) [] []
[2015-10-13 14:36:58] app.INFO: Matched route "POST_". {"route_parameters":{"_controller":"[object] (Closure: {})","_route":"POST_"},"request_uri":"http://localhost:8080/"} []
[2015-10-13 14:36:58] app.INFO: > POST / [] []
[2015-10-13 14:36:58] app.DEBUG: logging output / Post Recipe [] []
[2015-10-13 14:36:58] app.DEBUG: name: 561d5d5a97375 [] []
[2015-10-13 14:36:58] app.DEBUG: logging output end / Post Recipe [] []
[2015-10-13 14:36:58] app.INFO: < 201 [] []
[2015-10-13 14:36:58] app.DEBUG: db_options: array (   'scheme' => 'postgres',   'host' => 'localhost',   'port' => 5432,   'user' => 'chop_shop',   'pass' => 'chopping',   'driver' => 'pdo_pgsql',   'dbname' => 'chop_shop', ) [] []
[2015-10-13 14:36:58] app.INFO: Matched route "POST_". {"route_parameters":{"_controller":"[object] (Closure: {})","_route":"POST_"},"request_uri":"http://localhost:8080/"} []
[2015-10-13 14:36:58] app.INFO: > POST / [] []
[2015-10-13 14:36:58] app.DEBUG: logging output / Post Recipe [] []
[2015-10-13 14:36:58] app.DEBUG: name: 561d5d5abde88 [] []
[2015-10-13 14:36:58] app.DEBUG: logging output end / Post Recipe [] []
[2015-10-13 14:36:58] app.INFO: < 201 [] []
[2015-10-13 14:36:58] app.DEBUG: db_options: array (   'scheme' => 'postgres',   'host' => 'localhost',   'port' => 5432,   'user' => 'chop_shop',   'pass' => 'chopping',   'driver' => 'pdo_pgsql',   'dbname' => 'chop_shop', ) [] []
[2015-10-13 14:36:58] app.INFO: Matched route "POST_". {"route_parameters":{"_controller":"[object] (Closure: {})","_route":"POST_"},"request_uri":"http://localhost:8080/"} []
[2015-10-13 14:36:58] app.INFO: > POST / [] []
[2015-10-13 14:36:58] app.DEBUG: logging output / Post Recipe [] []
[2015-10-13 14:36:58] app.DEBUG: name: 561d5d5ae6591 [] []
[2015-10-13 14:36:59] app.DEBUG: logging output end / Post Recipe [] []
[2015-10-13 14:36:59] app.INFO: < 201 [] []
[2015-10-13 14:36:59] app.DEBUG: db_options: array (   'scheme' => 'postgres',   'host' => 'localhost',   'port' => 5432,   'user' => 'chop_shop',   'pass' => 'chopping',   'driver' => 'pdo_pgsql',   'dbname' => 'chop_shop', ) [] []
[2015-10-13 14:36:59] app.INFO: Matched route "GET_". {"route_parameters":{"_controller":"[object] (Closure: {})","_route":"GET_"},"request_uri":"http://localhost:8080/"} []
[2015-10-13 14:36:59] app.INFO: > GET / [] []
[2015-10-13 14:36:59] app.DEBUG: Logging output / Get Recipes [] []
[2015-10-13 14:36:59] app.DEBUG: logging output End / Get Recipes [] []
[2015-10-13 14:36:59] app.INFO: < 200 [] []
[2015-10-13 14:36:59] app.DEBUG: db_options: array (   'scheme' => 'postgres',   'host' => 'localhost',   'port' => 5432,   'user' => 'chop_shop',   'pass' => 'chopping',   'driver' => 'pdo_pgsql',   'dbname' => 'chop_shop', ) [] []
[2015-10-13 14:36:59] app.INFO: Matched route "POST_". {"route_parameters":{"_controller":"[object] (Closure: {})","_route":"POST_"},"request_uri":"http://localhost:8080/"} []
[2015-10-13 14:36:59] app.INFO: > POST / [] []
[2015-10-13 14:36:59] app.DEBUG: logging output / Post Recipe [] []
[2015-10-13 14:36:59] app.DEBUG: name: 561d5d5b73709 [] []
[2015-10-13 14:36:59] app.DEBUG: logging output end / Post Recipe [] []
[2015-10-13 14:36:59] app.INFO: < 201 [] []
[2015-10-13 14:36:59] app.DEBUG: db_options: array (   'scheme' => 'postgres',   'host' => 'localhost',   'port' => 5432,   'user' => 'chop_shop',   'pass' => 'chopping',   'driver' => 'pdo_pgsql',   'dbname' => 'chop_shop', ) [] []
[2015-10-13 14:36:59] app.INFO: Matched route "GET_recipe_id". {"route_parameters":{"_controller":"[object] (Closure: {})","recipe_id":"26","_route":"GET_recipe_id"},"request_uri":"http://localhost:8080/26"} []
[2015-10-13 14:36:59] app.INFO: > GET /26 [] []
[2015-10-13 14:36:59] app.DEBUG: logging output / Get Recipe [] []
[2015-10-13 14:36:59] app.DEBUG: logging output end / Get Recipe [] []
[2015-10-13 14:36:59] app.INFO: < 200 [] []
[2015-10-13 14:36:59] app.DEBUG: db_options: array (   'scheme' => 'postgres',   'host' => 'localhost',   'port' => 5432,   'user' => 'chop_shop',   'pass' => 'chopping',   'driver' => 'pdo_pgsql',   'dbname' => 'chop_shop', ) [] []
[2015-10-13 14:36:59] app.INFO: Matched route "POST_". {"route_parameters":{"_controller":"[object] (Closure: {})","_route":"POST_"},"request_uri":"http://localhost:8080/"} []
[2015-10-13 14:36:59] app.INFO: > POST / [] []
[2015-10-13 14:36:59] app.DEBUG: logging output / Post Recipe [] []
[2015-10-13 14:36:59] app.DEBUG: name: 561d5d5bce4cd [] []
[2015-10-13 14:37:00] app.DEBUG: logging output end / Post Recipe [] []
[2015-10-13 14:37:00] app.INFO: < 201 [] []
[2015-10-13 14:37:00] app.DEBUG: db_options: array (   'scheme' => 'postgres',   'host' => 'localhost',   'port' => 5432,   'user' => 'chop_shop',   'pass' => 'chopping',   'driver' => 'pdo_pgsql',   'dbname' => 'chop_shop', ) [] []
[2015-10-13 14:37:00] app.INFO: Matched route "POST_". {"route_parameters":{"_controller":"[object] (Closure: {})","_route":"POST_"},"request_uri":"http://localhost:8080/"} []
[2015-10-13 14:37:00] app.INFO: > POST / [] []
[2015-10-13 14:37:00] app.DEBUG: logging output / Post Recipe [] []
[2015-10-13 14:37:00] app.DEBUG: name: 561d5d5c092ef [] []
[2015-10-13 14:37:00] app.DEBUG: logging output end / Post Recipe [] []
[2015-10-13 14:37:00] app.INFO: < 201 [] []
[2015-10-13 14:37:00] app.DEBUG: db_options: array (   'scheme' => 'postgres',   'host' => 'localhost',   'port' => 5432,   'user' => 'chop_shop',   'pass' => 'chopping',   'driver' => 'pdo_pgsql',   'dbname' => 'chop_shop', ) [] []
[2015-10-13 14:37:00] app.INFO: Matched route "GET_search_name". {"route_parameters":{"_controller":"[object] (Closure: {})","name":"561d5d5c092ef","_route":"GET_search_name"},"request_uri":"http://localhost:8080/search/561d5d5c092ef"} []
[2015-10-13 14:37:00] app.INFO: > GET /search/561d5d5c092ef [] []
[2015-10-13 14:37:00] app.DEBUG: logging output / Search by Recipe [] []
[2015-10-13 14:37:00] app.DEBUG: name: 561d5d5c092ef [] []
[2015-10-13 14:37:00] app.DEBUG: recipe: Array (     [recipe_id] => 28     [name] => 561d5d5c092ef )  [] []
[2015-10-13 14:37:00] app.DEBUG: logging output end / Get Recipe [] []
[2015-10-13 14:37:00] app.INFO: < 200 [] []
[2015-10-13 14:37:00] app.DEBUG: db_options: array (   'scheme' => 'postgres',   'host' => 'localhost',   'port' => 5432,   'user' => 'chop_shop',   'pass' => 'chopping',   'driver' => 'pdo_pgsql',   'dbname' => 'chop_shop', ) [] []
[2015-10-13 14:37:00] app.INFO: Matched route "DELETE_recipe_id". {"route_parameters":{"_controller":"[object] (Closure: {})","recipe_id":"28","_route":"DELETE_recipe_id"},"request_uri":"http://localhost:8080/28"} []
[2015-10-13 14:37:00] app.INFO: > DELETE /28 [] []
[2015-10-13 14:37:00] app.DEBUG: logging output / Delete Recipe [] []
[2015-10-13 14:37:00] app.DEBUG: logging output end / Delete Recipe [] []
[2015-10-13 14:37:00] app.INFO: < 200 [] []
[2015-10-13 14:37:00] app.DEBUG: db_options: array (   'scheme' => 'postgres',   'host' => 'localhost',   'port' => 5432,   'user' => 'chop_shop',   'pass' => 'chopping',   'driver' => 'pdo_pgsql',   'dbname' => 'chop_shop', ) [] []
[2015-10-13 14:37:00] app.INFO: Matched route "DELETE_recipe_id". {"route_parameters":{"_controller":"[object] (Closure: {})","recipe_id":"-11234","_route":"DELETE_recipe_id"},"request_uri":"http://localhost:8080/-11234"} []
[2015-10-13 14:37:00] app.INFO: > DELETE /-11234 [] []
[2015-10-13 14:37:00] app.DEBUG: logging output / Delete Recipe [] []
[2015-10-13 14:37:00] app.ERROR: Symfony\Component\HttpKernel\Exception\HttpException: Recipe id -11234 does not exist. (uncaught exception) at /Users/rbrown/Documents/dev/chop-recipes/vendor/silex/silex/src/Silex/Application.php line 400 {"exception":"[object] (Symfony\\Component\\HttpKernel\\Exception\\HttpException(code: 0): Recipe id -11234 does not exist. at /Users/rbrown/Documents/dev/chop-recipes/vendor/silex/silex/src/Silex/Application.php:400)"} []
[2015-10-13 14:37:00] app.INFO: < 404 [] []
